[2023-08-07 11:57:02] development.ERROR: Error: Class "Igniter\MealPlan\Models\Payment_logs_model" not found in /Users/harrysingh/projects/mytasty/extensions/igniter/mealplan/models/MealPlanOrder.php:299
Stack trace:
#0 /Users/harrysingh/projects/mytasty/extensions/igniter/payregister/payments/Stripe.php(183): Igniter\MealPlan\Models\MealPlanOrder->logPaymentAttempt('Payment success...', 1, Array, Array, true)
#1 [internal function]: Igniter\PayRegister\Payments\Stripe->processPaymentForm(Array, Object(Admin\Models\Payments_model), Object(Igniter\MealPlan\Models\MealPlanOrder))
#2 /Users/harrysingh/projects/mytasty/vendor/tastyigniter/flame/src/Traits/ExtendableTrait.php(451): call_user_func_array(Array, Array)
#3 /Users/harrysingh/projects/mytasty/vendor/tastyigniter/flame/src/Database/Model.php(432): Igniter\Flame\Database\Model->extendableCall('processPaymentF...', Array)
#4 /Users/harrysingh/projects/mytasty/extensions/igniter/mealplan/classes/OrderManager.php(240): Igniter\Flame\Database\Model->__call('processPaymentF...', Array)
#5 /Users/harrysingh/projects/mytasty/extensions/igniter/mealplan/components/MealPlanCheckout.php(266): Igniter\MealPlan\Classes\OrderManager->processPayment(Object(Igniter\MealPlan\Models\MealPlanOrder), Array)
#6 /Users/harrysingh/projects/mytasty/vendor/laravel/framework/src/Illuminate/Foundation/helpers.php(669): Igniter\MealPlan\Components\MealPlanCheckout->Igniter\MealPlan\Components\{closure}()
#7 /Users/harrysingh/projects/mytasty/extensions/igniter/mealplan/components/MealPlanCheckout.php(278): rescue(Object(Closure), Object(Closure))
#8 /Users/harrysingh/projects/mytasty/app/system/Classes/BaseComponent.php(140): Igniter\MealPlan\Components\MealPlanCheckout->onConfirm()
#9 /Users/harrysingh/projects/mytasty/app/main/Classes/MainController.php(419): System\Classes\BaseComponent->runEventHandler('onConfirm')
#10 /Users/harrysingh/projects/mytasty/app/main/Classes/MainController.php(372): Main\Classes\MainController->runHandler('mealPlanCheckou...')
#11 /Users/harrysingh/projects/mytasty/app/main/Classes/MainController.php(260): Main\Classes\MainController->processHandlers()
#12 /Users/harrysingh/projects/mytasty/app/main/Classes/MainController.php(201): Main\Classes\MainController->runPage(Object(Main\Template\Page))
#13 /Users/harrysingh/projects/mytasty/app/system/Classes/Controller.php(97): Main\Classes\MainController->remap('mealplan/checko...')
#14 /Users/harrysingh/projects/mytasty/vendor/laravel/framework/src/Illuminate/Routing/Controller.php(54): System\Classes\Controller->run('mealplan/checko...')
#15 /Users/harrysingh/projects/mytasty/vendor/laravel/framework/src/Illuminate/Routing/ControllerDispatcher.php(45): Illuminate\Routing\Controller->callAction('run', Array)
#16 /Users/harrysingh/projects/mytasty/vendor/laravel/framework/src/Illuminate/Routing/Route.php(262): Illuminate\Routing\ControllerDispatcher->dispatch(Object(Illuminate\Routing\Route), Object(System\Classes\Controller), 'run')
#17 /Users/harrysingh/projects/mytasty/vendor/laravel/framework/src/Illuminate/Routing/Route.php(205): Illuminate\Routing\Route->runController()
#18 /Users/harrysingh/projects/mytasty/vendor/laravel/framework/src/Illuminate/Routing/Router.php(721): Illuminate\Routing\Route->run()
#19 /Users/harrysingh/projects/mytasty/vendor/laravel/framework/src/Illuminate/Pipeline/Pipeline.php(128): Illuminate\Routing\Router->Illuminate\Routing\{closure}(Object(Illuminate\Http\Request))
#20 /Users/harrysingh/projects/mytasty/extensions/igniter/user/middleware/ThrottleRequests.php(20): Illuminate\Pipeline\Pipeline->Illuminate\Pipeline\{closure}(Object(Illuminate\Http\Request))
#21 /Users/harrysingh/projects/mytasty/vendor/laravel/framework/src/Illuminate/Pipeline/Pipeline.php(167): Igniter\User\Middleware\ThrottleRequests->handle(Object(Illuminate\Http\Request), Object(Closure))
#22 /Users/harrysingh/projects/mytasty/vendor/tastyigniter/flame/src/Translation/Middleware/Localization.php(27): Illuminate\Pipeline\Pipeline->Illuminate\Pipeline\{closure}(Object(Illuminate\Http\Request))
#23 /Users/harrysingh/projects/mytasty/vendor/laravel/framework/src/Illuminate/Pipeline/Pipeline.php(167): Igniter\Flame\Translation\Middleware\Localization->handle(Object(Illuminate\Http\Request), Object(Closure))
#24 /Users/harrysingh/projects/mytasty/vendor/laravel/framework/src/Illuminate/Routing/Middleware/SubstituteBindings.php(50): Illuminate\Pipeline\Pipeline->Illuminate\Pipeline\{closure}(Object(Illuminate\Http\Request))
#25 /Users/harrysingh/projects/mytasty/vendor/laravel/framework/src/Illuminate/Pipeline/Pipeline.php(167): Illuminate\Routing\Middleware\SubstituteBindings->handle(Object(Illuminate\Http\Request), Object(Closure))
#26 /Users/harrysingh/projects/mytasty/vendor/laravel/framework/src/Illuminate/View/Middleware/ShareErrorsFromSession.php(49): Illuminate\Pipeline\Pipeline->Illuminate\Pipeline\{closure}(Object(Illuminate\Http\Request))
#27 /Users/harrysingh/projects/mytasty/vendor/laravel/framework/src/Illuminate/Pipeline/Pipeline.php(167): Illuminate\View\Middleware\ShareErrorsFromSession->handle(Object(Illuminate\Http\Request), Object(Closure))
#28 /Users/harrysingh/projects/mytasty/vendor/laravel/framework/src/Illuminate/Session/Middleware/StartSession.php(121): Illuminate\Pipeline\Pipeline->Illuminate\Pipeline\{closure}(Object(Illuminate\Http\Request))
#29 /Users/harrysingh/projects/mytasty/vendor/laravel/framework/src/Illuminate/Session/Middleware/StartSession.php(64): Illuminate\Session\Middleware\StartSession->handleStatefulRequest(Object(Illuminate\Http\Request), Object(Illuminate\Session\Store), Object(Closure))
#30 /Users/harrysingh/projects/mytasty/vendor/laravel/framework/src/Illuminate/Pipeline/Pipeline.php(167): Illuminate\Session\Middleware\StartSession->handle(Object(Illuminate\Http\Request), Object(Closure))
#31 /Users/harrysingh/projects/mytasty/vendor/laravel/framework/src/Illuminate/Cookie/Middleware/AddQueuedCookiesToResponse.php(37): Illuminate\Pipeline\Pipeline->Illuminate\Pipeline\{closure}(Object(Illuminate\Http\Request))
#32 /Users/harrysingh/projects/mytasty/vendor/laravel/framework/src/Illuminate/Pipeline/Pipeline.php(167): Illuminate\Cookie\Middleware\AddQueuedCookiesToResponse->handle(Object(Illuminate\Http\Request), Object(Closure))
#33 /Users/harrysingh/projects/mytasty/vendor/laravel/framework/src/Illuminate/Cookie/Middleware/EncryptCookies.php(67): Illuminate\Pipeline\Pipeline->Illuminate\Pipeline\{closure}(Object(Illuminate\Http\Request))
#34 /Users/harrysingh/projects/mytasty/vendor/laravel/framework/src/Illuminate/Pipeline/Pipeline.php(167): Illuminate\Cookie\Middleware\EncryptCookies->handle(Object(Illuminate\Http\Request), Object(Closure))
#35 /Users/harrysingh/projects/mytasty/vendor/laravel/framework/src/Illuminate/Pipeline/Pipeline.php(103): Illuminate\Pipeline\Pipeline->Illuminate\Pipeline\{closure}(Object(Illuminate\Http\Request))
#36 /Users/harrysingh/projects/mytasty/vendor/laravel/framework/src/Illuminate/Routing/Router.php(723): Illuminate\Pipeline\Pipeline->then(Object(Closure))
#37 /Users/harrysingh/projects/mytasty/vendor/laravel/framework/src/Illuminate/Routing/Router.php(698): Illuminate\Routing\Router->runRouteWithinStack(Object(Illuminate\Routing\Route), Object(Illuminate\Http\Request))
#38 /Users/harrysingh/projects/mytasty/vendor/laravel/framework/src/Illuminate/Routing/Router.php(662): Illuminate\Routing\Router->runRoute(Object(Illuminate\Http\Request), Object(Illuminate\Routing\Route))
#39 /Users/harrysingh/projects/mytasty/vendor/tastyigniter/flame/src/Router/CoreRouter.php(22): Illuminate\Routing\Router->dispatchToRoute(Object(Illuminate\Http\Request))
#40 /Users/harrysingh/projects/mytasty/vendor/laravel/framework/src/Illuminate/Foundation/Http/Kernel.php(167): Igniter\Flame\Router\CoreRouter->dispatch(Object(Illuminate\Http\Request))
#41 /Users/harrysingh/projects/mytasty/vendor/laravel/framework/src/Illuminate/Pipeline/Pipeline.php(128): Illuminate\Foundation\Http\Kernel->Illuminate\Foundation\Http\{closure}(Object(Illuminate\Http\Request))
#42 /Users/harrysingh/projects/mytasty/vendor/tastyigniter/flame/src/Setting/Middleware/SaveSetting.php(27): Illuminate\Pipeline\Pipeline->Illuminate\Pipeline\{closure}(Object(Illuminate\Http\Request))
#43 /Users/harrysingh/projects/mytasty/vendor/laravel/framework/src/Illuminate/Pipeline/Pipeline.php(167): Igniter\Flame\Setting\Middleware\SaveSetting->handle(Object(Illuminate\Http\Request), Object(Closure))
#44 /Users/harrysingh/projects/mytasty/vendor/laravel/framework/src/Illuminate/Foundation/Http/Middleware/TransformsRequest.php(21): Illuminate\Pipeline\Pipeline->Illuminate\Pipeline\{closure}(Object(Illuminate\Http\Request))
#45 /Users/harrysingh/projects/mytasty/vendor/laravel/framework/src/Illuminate/Foundation/Http/Middleware/TrimStrings.php(40): Illuminate\Foundation\Http\Middleware\TransformsRequest->handle(Object(Illuminate\Http\Request), Object(Closure))
#46 /Users/harrysingh/projects/mytasty/vendor/laravel/framework/src/Illuminate/Pipeline/Pipeline.php(167): Illuminate\Foundation\Http\Middleware\TrimStrings->handle(Object(Illuminate\Http\Request), Object(Closure))
#47 /Users/harrysingh/projects/mytasty/vendor/laravel/framework/src/Illuminate/Foundation/Http/Middleware/ValidatePostSize.php(27): Illuminate\Pipeline\Pipeline->Illuminate\Pipeline\{closure}(Object(Illuminate\Http\Request))
#48 /Users/harrysingh/projects/mytasty/vendor/laravel/framework/src/Illuminate/Pipeline/Pipeline.php(167): Illuminate\Foundation\Http\Middleware\ValidatePostSize->handle(Object(Illuminate\Http\Request), Object(Closure))
#49 /Users/harrysingh/projects/mytasty/vendor/laravel/framework/src/Illuminate/Foundation/Http/Middleware/PreventRequestsDuringMaintenance.php(86): Illuminate\Pipeline\Pipeline->Illuminate\Pipeline\{closure}(Object(Illuminate\Http\Request))
#50 /Users/harrysingh/projects/mytasty/vendor/laravel/framework/src/Illuminate/Pipeline/Pipeline.php(167): Illuminate\Foundation\Http\Middleware\PreventRequestsDuringMaintenance->handle(Object(Illuminate\Http\Request), Object(Closure))
#51 /Users/harrysingh/projects/mytasty/vendor/fruitcake/laravel-cors/src/HandleCors.php(38): Illuminate\Pipeline\Pipeline->Illuminate\Pipeline\{closure}(Object(Illuminate\Http\Request))
#52 /Users/harrysingh/projects/mytasty/vendor/laravel/framework/src/Illuminate/Pipeline/Pipeline.php(167): Fruitcake\Cors\HandleCors->handle(Object(Illuminate\Http\Request), Object(Closure))
#53 /Users/harrysingh/projects/mytasty/vendor/fideloper/proxy/src/TrustProxies.php(57): Illuminate\Pipeline\Pipeline->Illuminate\Pipeline\{closure}(Object(Illuminate\Http\Request))
#54 /Users/harrysingh/projects/mytasty/vendor/laravel/framework/src/Illuminate/Pipeline/Pipeline.php(167): Fideloper\Proxy\TrustProxies->handle(Object(Illuminate\Http\Request), Object(Closure))
#55 /Users/harrysingh/projects/mytasty/extensions/igniter/api/vendor/dingo/api/src/Http/Middleware/Request.php(111): Illuminate\Pipeline\Pipeline->Illuminate\Pipeline\{closure}(Object(Illuminate\Http\Request))
#56 /Users/harrysingh/projects/mytasty/vendor/laravel/framework/src/Illuminate/Pipeline/Pipeline.php(167): Dingo\Api\Http\Middleware\Request->handle(Object(Illuminate\Http\Request), Object(Closure))
#57 /Users/harrysingh/projects/mytasty/vendor/laravel/framework/src/Illuminate/Pipeline/Pipeline.php(103): Illuminate\Pipeline\Pipeline->Illuminate\Pipeline\{closure}(Object(Illuminate\Http\Request))
#58 /Users/harrysingh/projects/mytasty/vendor/laravel/framework/src/Illuminate/Foundation/Http/Kernel.php(142): Illuminate\Pipeline\Pipeline->then(Object(Closure))
#59 /Users/harrysingh/projects/mytasty/vendor/laravel/framework/src/Illuminate/Foundation/Http/Kernel.php(111): Illuminate\Foundation\Http\Kernel->sendRequestThroughRouter(Object(Illuminate\Http\Request))
#60 /Users/harrysingh/projects/mytasty/index.php(54): Illuminate\Foundation\Http\Kernel->handle(Object(Illuminate\Http\Request))
#61 {main}  
[2023-08-07 11:57:02] development.ERROR: TypeError: Igniter\MealPlan\Components\MealPlanCheckout::Igniter\MealPlan\Components\{closure}(): Argument #1 ($ex) must be of type Exception, Error given, called in /Users/harrysingh/projects/mytasty/vendor/laravel/framework/src/Illuminate/Collections/helpers.php on line 184 and defined in /Users/harrysingh/projects/mytasty/extensions/igniter/mealplan/components/MealPlanCheckout.php:274
Stack trace:
#0 /Users/harrysingh/projects/mytasty/vendor/laravel/framework/src/Illuminate/Collections/helpers.php(184): Igniter\MealPlan\Components\MealPlanCheckout->Igniter\MealPlan\Components\{closure}(Object(Error))
#1 /Users/harrysingh/projects/mytasty/vendor/laravel/framework/src/Illuminate/Foundation/helpers.php(675): value(Object(Closure), Object(Error))
#2 /Users/harrysingh/projects/mytasty/extensions/igniter/mealplan/components/MealPlanCheckout.php(278): rescue(Object(Closure), Object(Closure))
#3 /Users/harrysingh/projects/mytasty/app/system/Classes/BaseComponent.php(140): Igniter\MealPlan\Components\MealPlanCheckout->onConfirm()
#4 /Users/harrysingh/projects/mytasty/app/main/Classes/MainController.php(419): System\Classes\BaseComponent->runEventHandler('onConfirm')
#5 /Users/harrysingh/projects/mytasty/app/main/Classes/MainController.php(372): Main\Classes\MainController->runHandler('mealPlanCheckou...')
#6 /Users/harrysingh/projects/mytasty/app/main/Classes/MainController.php(260): Main\Classes\MainController->processHandlers()
#7 /Users/harrysingh/projects/mytasty/app/main/Classes/MainController.php(201): Main\Classes\MainController->runPage(Object(Main\Template\Page))
#8 /Users/harrysingh/projects/mytasty/app/system/Classes/Controller.php(97): Main\Classes\MainController->remap('mealplan/checko...')
#9 /Users/harrysingh/projects/mytasty/vendor/laravel/framework/src/Illuminate/Routing/Controller.php(54): System\Classes\Controller->run('mealplan/checko...')
#10 /Users/harrysingh/projects/mytasty/vendor/laravel/framework/src/Illuminate/Routing/ControllerDispatcher.php(45): Illuminate\Routing\Controller->callAction('run', Array)
#11 /Users/harrysingh/projects/mytasty/vendor/laravel/framework/src/Illuminate/Routing/Route.php(262): Illuminate\Routing\ControllerDispatcher->dispatch(Object(Illuminate\Routing\Route), Object(System\Classes\Controller), 'run')
#12 /Users/harrysingh/projects/mytasty/vendor/laravel/framework/src/Illuminate/Routing/Route.php(205): Illuminate\Routing\Route->runController()
#13 /Users/harrysingh/projects/mytasty/vendor/laravel/framework/src/Illuminate/Routing/Router.php(721): Illuminate\Routing\Route->run()
#14 /Users/harrysingh/projects/mytasty/vendor/laravel/framework/src/Illuminate/Pipeline/Pipeline.php(128): Illuminate\Routing\Router->Illuminate\Routing\{closure}(Object(Illuminate\Http\Request))
#15 /Users/harrysingh/projects/mytasty/extensions/igniter/user/middleware/ThrottleRequests.php(20): Illuminate\Pipeline\Pipeline->Illuminate\Pipeline\{closure}(Object(Illuminate\Http\Request))
#16 /Users/harrysingh/projects/mytasty/vendor/laravel/framework/src/Illuminate/Pipeline/Pipeline.php(167): Igniter\User\Middleware\ThrottleRequests->handle(Object(Illuminate\Http\Request), Object(Closure))
#17 /Users/harrysingh/projects/mytasty/vendor/tastyigniter/flame/src/Translation/Middleware/Localization.php(27): Illuminate\Pipeline\Pipeline->Illuminate\Pipeline\{closure}(Object(Illuminate\Http\Request))
#18 /Users/harrysingh/projects/mytasty/vendor/laravel/framework/src/Illuminate/Pipeline/Pipeline.php(167): Igniter\Flame\Translation\Middleware\Localization->handle(Object(Illuminate\Http\Request), Object(Closure))
#19 /Users/harrysingh/projects/mytasty/vendor/laravel/framework/src/Illuminate/Routing/Middleware/SubstituteBindings.php(50): Illuminate\Pipeline\Pipeline->Illuminate\Pipeline\{closure}(Object(Illuminate\Http\Request))
#20 /Users/harrysingh/projects/mytasty/vendor/laravel/framework/src/Illuminate/Pipeline/Pipeline.php(167): Illuminate\Routing\Middleware\SubstituteBindings->handle(Object(Illuminate\Http\Request), Object(Closure))
#21 /Users/harrysingh/projects/mytasty/vendor/laravel/framework/src/Illuminate/View/Middleware/ShareErrorsFromSession.php(49): Illuminate\Pipeline\Pipeline->Illuminate\Pipeline\{closure}(Object(Illuminate\Http\Request))
#22 /Users/harrysingh/projects/mytasty/vendor/laravel/framework/src/Illuminate/Pipeline/Pipeline.php(167): Illuminate\View\Middleware\ShareErrorsFromSession->handle(Object(Illuminate\Http\Request), Object(Closure))
#23 /Users/harrysingh/projects/mytasty/vendor/laravel/framework/src/Illuminate/Session/Middleware/StartSession.php(121): Illuminate\Pipeline\Pipeline->Illuminate\Pipeline\{closure}(Object(Illuminate\Http\Request))
#24 /Users/harrysingh/projects/mytasty/vendor/laravel/framework/src/Illuminate/Session/Middleware/StartSession.php(64): Illuminate\Session\Middleware\StartSession->handleStatefulRequest(Object(Illuminate\Http\Request), Object(Illuminate\Session\Store), Object(Closure))
#25 /Users/harrysingh/projects/mytasty/vendor/laravel/framework/src/Illuminate/Pipeline/Pipeline.php(167): Illuminate\Session\Middleware\StartSession->handle(Object(Illuminate\Http\Request), Object(Closure))
#26 /Users/harrysingh/projects/mytasty/vendor/laravel/framework/src/Illuminate/Cookie/Middleware/AddQueuedCookiesToResponse.php(37): Illuminate\Pipeline\Pipeline->Illuminate\Pipeline\{closure}(Object(Illuminate\Http\Request))
#27 /Users/harrysingh/projects/mytasty/vendor/laravel/framework/src/Illuminate/Pipeline/Pipeline.php(167): Illuminate\Cookie\Middleware\AddQueuedCookiesToResponse->handle(Object(Illuminate\Http\Request), Object(Closure))
#28 /Users/harrysingh/projects/mytasty/vendor/laravel/framework/src/Illuminate/Cookie/Middleware/EncryptCookies.php(67): Illuminate\Pipeline\Pipeline->Illuminate\Pipeline\{closure}(Object(Illuminate\Http\Request))
#29 /Users/harrysingh/projects/mytasty/vendor/laravel/framework/src/Illuminate/Pipeline/Pipeline.php(167): Illuminate\Cookie\Middleware\EncryptCookies->handle(Object(Illuminate\Http\Request), Object(Closure))
#30 /Users/harrysingh/projects/mytasty/vendor/laravel/framework/src/Illuminate/Pipeline/Pipeline.php(103): Illuminate\Pipeline\Pipeline->Illuminate\Pipeline\{closure}(Object(Illuminate\Http\Request))
#31 /Users/harrysingh/projects/mytasty/vendor/laravel/framework/src/Illuminate/Routing/Router.php(723): Illuminate\Pipeline\Pipeline->then(Object(Closure))
#32 /Users/harrysingh/projects/mytasty/vendor/laravel/framework/src/Illuminate/Routing/Router.php(698): Illuminate\Routing\Router->runRouteWithinStack(Object(Illuminate\Routing\Route), Object(Illuminate\Http\Request))
#33 /Users/harrysingh/projects/mytasty/vendor/laravel/framework/src/Illuminate/Routing/Router.php(662): Illuminate\Routing\Router->runRoute(Object(Illuminate\Http\Request), Object(Illuminate\Routing\Route))
#34 /Users/harrysingh/projects/mytasty/vendor/tastyigniter/flame/src/Router/CoreRouter.php(22): Illuminate\Routing\Router->dispatchToRoute(Object(Illuminate\Http\Request))
#35 /Users/harrysingh/projects/mytasty/vendor/laravel/framework/src/Illuminate/Foundation/Http/Kernel.php(167): Igniter\Flame\Router\CoreRouter->dispatch(Object(Illuminate\Http\Request))
#36 /Users/harrysingh/projects/mytasty/vendor/laravel/framework/src/Illuminate/Pipeline/Pipeline.php(128): Illuminate\Foundation\Http\Kernel->Illuminate\Foundation\Http\{closure}(Object(Illuminate\Http\Request))
#37 /Users/harrysingh/projects/mytasty/vendor/tastyigniter/flame/src/Setting/Middleware/SaveSetting.php(27): Illuminate\Pipeline\Pipeline->Illuminate\Pipeline\{closure}(Object(Illuminate\Http\Request))
#38 /Users/harrysingh/projects/mytasty/vendor/laravel/framework/src/Illuminate/Pipeline/Pipeline.php(167): Igniter\Flame\Setting\Middleware\SaveSetting->handle(Object(Illuminate\Http\Request), Object(Closure))
#39 /Users/harrysingh/projects/mytasty/vendor/laravel/framework/src/Illuminate/Foundation/Http/Middleware/TransformsRequest.php(21): Illuminate\Pipeline\Pipeline->Illuminate\Pipeline\{closure}(Object(Illuminate\Http\Request))
#40 /Users/harrysingh/projects/mytasty/vendor/laravel/framework/src/Illuminate/Foundation/Http/Middleware/TrimStrings.php(40): Illuminate\Foundation\Http\Middleware\TransformsRequest->handle(Object(Illuminate\Http\Request), Object(Closure))
#41 /Users/harrysingh/projects/mytasty/vendor/laravel/framework/src/Illuminate/Pipeline/Pipeline.php(167): Illuminate\Foundation\Http\Middleware\TrimStrings->handle(Object(Illuminate\Http\Request), Object(Closure))
#42 /Users/harrysingh/projects/mytasty/vendor/laravel/framework/src/Illuminate/Foundation/Http/Middleware/ValidatePostSize.php(27): Illuminate\Pipeline\Pipeline->Illuminate\Pipeline\{closure}(Object(Illuminate\Http\Request))
#43 /Users/harrysingh/projects/mytasty/vendor/laravel/framework/src/Illuminate/Pipeline/Pipeline.php(167): Illuminate\Foundation\Http\Middleware\ValidatePostSize->handle(Object(Illuminate\Http\Request), Object(Closure))
#44 /Users/harrysingh/projects/mytasty/vendor/laravel/framework/src/Illuminate/Foundation/Http/Middleware/PreventRequestsDuringMaintenance.php(86): Illuminate\Pipeline\Pipeline->Illuminate\Pipeline\{closure}(Object(Illuminate\Http\Request))
#45 /Users/harrysingh/projects/mytasty/vendor/laravel/framework/src/Illuminate/Pipeline/Pipeline.php(167): Illuminate\Foundation\Http\Middleware\PreventRequestsDuringMaintenance->handle(Object(Illuminate\Http\Request), Object(Closure))
#46 /Users/harrysingh/projects/mytasty/vendor/fruitcake/laravel-cors/src/HandleCors.php(38): Illuminate\Pipeline\Pipeline->Illuminate\Pipeline\{closure}(Object(Illuminate\Http\Request))
#47 /Users/harrysingh/projects/mytasty/vendor/laravel/framework/src/Illuminate/Pipeline/Pipeline.php(167): Fruitcake\Cors\HandleCors->handle(Object(Illuminate\Http\Request), Object(Closure))
#48 /Users/harrysingh/projects/mytasty/vendor/fideloper/proxy/src/TrustProxies.php(57): Illuminate\Pipeline\Pipeline->Illuminate\Pipeline\{closure}(Object(Illuminate\Http\Request))
#49 /Users/harrysingh/projects/mytasty/vendor/laravel/framework/src/Illuminate/Pipeline/Pipeline.php(167): Fideloper\Proxy\TrustProxies->handle(Object(Illuminate\Http\Request), Object(Closure))
#50 /Users/harrysingh/projects/mytasty/extensions/igniter/api/vendor/dingo/api/src/Http/Middleware/Request.php(111): Illuminate\Pipeline\Pipeline->Illuminate\Pipeline\{closure}(Object(Illuminate\Http\Request))
#51 /Users/harrysingh/projects/mytasty/vendor/laravel/framework/src/Illuminate/Pipeline/Pipeline.php(167): Dingo\Api\Http\Middleware\Request->handle(Object(Illuminate\Http\Request), Object(Closure))
#52 /Users/harrysingh/projects/mytasty/vendor/laravel/framework/src/Illuminate/Pipeline/Pipeline.php(103): Illuminate\Pipeline\Pipeline->Illuminate\Pipeline\{closure}(Object(Illuminate\Http\Request))
#53 /Users/harrysingh/projects/mytasty/vendor/laravel/framework/src/Illuminate/Foundation/Http/Kernel.php(142): Illuminate\Pipeline\Pipeline->then(Object(Closure))
#54 /Users/harrysingh/projects/mytasty/vendor/laravel/framework/src/Illuminate/Foundation/Http/Kernel.php(111): Illuminate\Foundation\Http\Kernel->sendRequestThroughRouter(Object(Illuminate\Http\Request))
#55 /Users/harrysingh/projects/mytasty/index.php(54): Illuminate\Foundation\Http\Kernel->handle(Object(Illuminate\Http\Request))
#56 {main}  
