.++++++++++++++++++++++++++++++++++++++++++++++++++++++++++++++.
.------------------- TASTYIGNITER SETUP LOG ------------------.
.++++++++++++++++++++++++++++++++++++++++++++++++++++++++++++++.
[2023/07/14 01:19:36] => Host: Darwin Harrys-MacBook-Air.local 22.5.0 Darwin Kernel Version 22.5.0: Thu Jun  8 22:21:34 PDT 2023; root:xnu-8796.121.3~7/RELEASE_ARM64_T8112 arm64
[2023/07/14 01:19:36] => PHP version: 8.0.8
[2023/07/14 01:19:36] => Server software: Apache/2.4.46 (Unix) mod_fastcgi/mod_fastcgi-SNAP-0910052141 OpenSSL/1.0.2u mod_wsgi/3.5 Python/2.7.18
[2023/07/14 01:19:36] => Operating system: Darwin
[2023/07/14 01:19:36] => Memory limit: 128M
[2023/07/14 01:19:36] => Max execution time: 30
[2023/07/14 01:20:05] => .============================ POST REQUEST ==========================.
[2023/07/14 01:20:05] => Postback payload: Array
(
    [license_agreed] => accepted
    [code] => php
    [handler] => onCheckRequirements
)

[2023/07/14 01:20:05] => System check: php
[2023/07/14 01:20:05] => Requirement php +OK
[2023/07/14 01:20:05] => Execute handler (onCheckRequirements): Array
(
    [result] => 1
)

[2023/07/14 01:20:06] => .============================ POST REQUEST ==========================.
[2023/07/14 01:20:06] => Postback payload: Array
(
    [license_agreed] => accepted
    [code] => pdo
    [handler] => onCheckRequirements
)

[2023/07/14 01:20:06] => System check: pdo
[2023/07/14 01:20:06] => Requirement pdo +OK
[2023/07/14 01:20:06] => Execute handler (onCheckRequirements): Array
(
    [result] => 1
)

[2023/07/14 01:20:08] => .============================ POST REQUEST ==========================.
[2023/07/14 01:20:08] => Postback payload: Array
(
    [license_agreed] => accepted
    [code] => curl
    [handler] => onCheckRequirements
)

[2023/07/14 01:20:08] => System check: curl
[2023/07/14 01:20:08] => Requirement curl +OK
[2023/07/14 01:20:08] => Execute handler (onCheckRequirements): Array
(
    [result] => 1
)

[2023/07/14 01:20:10] => .============================ POST REQUEST ==========================.
[2023/07/14 01:20:10] => Postback payload: Array
(
    [license_agreed] => accepted
    [code] => connection
    [handler] => onCheckRequirements
)

[2023/07/14 01:20:10] => System check: connection
[2023/07/14 01:20:10] => Server request: ping
[2023/07/14 01:20:10] => Request information: Array
(
    [url] => https://api.tastyigniter.com/v2/ping
    [content_type] => application/json
    [http_code] => 200
    [header_size] => 787
    [request_size] => 135
    [filetime] => -1
    [ssl_verify_result] => 0
    [redirect_count] => 0
    [total_time] => 0.307259
    [namelookup_time] => 0.032145
    [connect_time] => 0.053506
    [pretransfer_time] => 0.136157
    [size_upload] => 141
    [size_download] => 17
    [speed_download] => 55
    [speed_upload] => 459
    [download_content_length] => 17
    [upload_content_length] => 141
    [starttransfer_time] => 0.136519
    [redirect_time] => 0
    [redirect_url] => 
    [primary_ip] => 172.64.80.1
    [certinfo] => Array
        (
        )

    [primary_port] => 443
    [local_ip] => 10.255.0.4
    [local_port] => 53879
    [http_version] => 3
    [protocol] => 2
    [ssl_verifyresult] => 0
    [scheme] => HTTPS
    [appconnect_time_us] => 133594
    [connect_time_us] => 53506
    [namelookup_time_us] => 32145
    [pretransfer_time_us] => 136157
    [redirect_time_us] => 0
    [starttransfer_time_us] => 136519
    [total_time_us] => 307259
)

[2023/07/14 01:20:10] => Requirement connection +OK
[2023/07/14 01:20:10] => Execute handler (onCheckRequirements): Array
(
    [result] => 1
)

[2023/07/14 01:20:11] => .============================ POST REQUEST ==========================.
[2023/07/14 01:20:11] => Postback payload: Array
(
    [license_agreed] => accepted
    [code] => mbstring
    [handler] => onCheckRequirements
)

[2023/07/14 01:20:11] => System check: mbstring
[2023/07/14 01:20:11] => Requirement mbstring +OK
[2023/07/14 01:20:11] => Execute handler (onCheckRequirements): Array
(
    [result] => 1
)

[2023/07/14 01:20:13] => .============================ POST REQUEST ==========================.
[2023/07/14 01:20:13] => Postback payload: Array
(
    [license_agreed] => accepted
    [code] => ssl
    [handler] => onCheckRequirements
)

[2023/07/14 01:20:13] => System check: ssl
[2023/07/14 01:20:13] => Requirement ssl +OK
[2023/07/14 01:20:13] => Execute handler (onCheckRequirements): Array
(
    [result] => 1
)

[2023/07/14 01:20:14] => .============================ POST REQUEST ==========================.
[2023/07/14 01:20:14] => Postback payload: Array
(
    [license_agreed] => accepted
    [code] => gd
    [handler] => onCheckRequirements
)

[2023/07/14 01:20:14] => System check: gd
[2023/07/14 01:20:14] => Requirement gd +OK
[2023/07/14 01:20:14] => Execute handler (onCheckRequirements): Array
(
    [result] => 1
)

[2023/07/14 01:20:16] => .============================ POST REQUEST ==========================.
[2023/07/14 01:20:16] => Postback payload: Array
(
    [license_agreed] => accepted
    [code] => zip
    [handler] => onCheckRequirements
)

[2023/07/14 01:20:16] => System check: zip
[2023/07/14 01:20:16] => Requirement zip +OK
[2023/07/14 01:20:16] => Execute handler (onCheckRequirements): Array
(
    [result] => 1
)

[2023/07/14 01:20:17] => .============================ POST REQUEST ==========================.
[2023/07/14 01:20:17] => Postback payload: Array
(
    [license_agreed] => accepted
    [code] => writable
    [handler] => onCheckRequirements
)

[2023/07/14 01:20:17] => System check: writable
[2023/07/14 01:20:17] => Requirement writable +OK
[2023/07/14 01:20:17] => Execute handler (onCheckRequirements): Array
(
    [result] => 1
)

[2023/07/14 01:20:21] => .============================ POST REQUEST ==========================.
[2023/07/14 01:20:21] => Postback payload: Array
(
    [license_agreed] => accepted
    [requirement] => complete
    [handler] => onCompleteRequirements
)

[2023/07/14 01:20:21] => License Agreement: accepted
[2023/07/14 01:20:21] => Execute handler (onCompleteRequirements): Array
(
    [step] => database
)

[2023/07/14 01:20:39] => .============================ POST REQUEST ==========================.
[2023/07/14 01:20:39] => Postback payload: Array
(
    [disableLog] => 1
)

[2023/07/14 01:20:39] => Database check: mytasty
[2023/07/14 01:20:39] => Database mytasty +OK
[2023/07/14 01:20:39] => Execute handler (onCheckDatabase): Array
(
    [step] => settings
    [settingsInstalled] => 
)

[2023/07/14 01:20:57] => .============================ POST REQUEST ==========================.
[2023/07/14 01:20:57] => Postback payload: Array
(
    [disableLog] => 1
)

[2023/07/14 01:20:57] => Settings check: TastyIgniter
[2023/07/14 01:20:57] => Handler error (onValidateSettings): Please specify the administrator password, at least 6 characters and not more than 32 characters.
[2023/07/14 01:20:57] => Trace log:
#0 /Users/harrysingh/projects/mytasty/setup/classes/SetupController.php(281): SetupController->onValidateSettings()
#1 /Users/harrysingh/projects/mytasty/setup/classes/SetupController.php(46): SetupController->execPostHandler()
#2 /Users/harrysingh/projects/mytasty/setup/bootstrap.php(62): SetupController->__construct()
#3 /Users/harrysingh/projects/mytasty/setup.php(1): include_once('/Users/harrysin...')
#4 {main}
[2023/07/14 01:21:10] => .============================ POST REQUEST ==========================.
[2023/07/14 01:21:10] => Postback payload: Array
(
    [disableLog] => 1
)

[2023/07/14 01:21:10] => Settings check: TastyIgniter
[2023/07/14 01:21:10] => Settings +OK
[2023/07/14 01:21:10] => Execute handler (onValidateSettings): Array
(
    [step] => install
)

[2023/07/14 01:21:19] => .============================ POST REQUEST ==========================.
[2023/07/14 01:21:19] => Postback payload: Array
(
    [disableLog] => 1
)

[2023/07/14 01:21:19] => Foundation setup: apply
[2023/07/14 01:21:19] => Server request: item/detail
[2023/07/14 01:21:19] => Request information: Array
(
    [url] => https://api.tastyigniter.com/v2/item/detail
    [content_type] => application/json
    [http_code] => 200
    [header_size] => 802
    [request_size] => 142
    [filetime] => -1
    [ssl_verify_result] => 0
    [redirect_count] => 0
    [total_time] => 0.348602
    [namelookup_time] => 0.002686
    [connect_time] => 0.034432
    [pretransfer_time] => 0.145123
    [size_upload] => 231
    [size_download] => 496
    [speed_download] => 1425
    [speed_upload] => 663
    [download_content_length] => 496
    [upload_content_length] => 231
    [starttransfer_time] => 0.145156
    [redirect_time] => 0
    [redirect_url] => 
    [primary_ip] => 172.64.80.1
    [certinfo] => Array
        (
        )

    [primary_port] => 443
    [local_ip] => 10.255.0.4
    [local_port] => 54213
    [http_version] => 3
    [protocol] => 2
    [ssl_verifyresult] => 0
    [scheme] => HTTPS
    [appconnect_time_us] => 144934
    [connect_time_us] => 34432
    [namelookup_time_us] => 2686
    [pretransfer_time_us] => 145123
    [redirect_time_us] => 0
    [starttransfer_time_us] => 145156
    [total_time_us] => 348602
)

[2023/07/14 01:21:19] => Server request: core/install
[2023/07/14 01:21:20] => Request information: Array
(
    [url] => https://api.tastyigniter.com/v2/core/install
    [content_type] => application/json
    [http_code] => 200
    [header_size] => 805
    [request_size] => 143
    [filetime] => -1
    [ssl_verify_result] => 0
    [redirect_count] => 0
    [total_time] => 0.331881
    [namelookup_time] => 0.001483
    [connect_time] => 0.025837
    [pretransfer_time] => 0.102429
    [size_upload] => 231
    [size_download] => 760
    [speed_download] => 2296
    [speed_upload] => 697
    [download_content_length] => 760
    [upload_content_length] => 231
    [starttransfer_time] => 0.102502
    [redirect_time] => 0
    [redirect_url] => 
    [primary_ip] => 172.64.80.1
    [certinfo] => Array
        (
        )

    [primary_port] => 443
    [local_ip] => 10.255.0.4
    [local_port] => 54218
    [http_version] => 3
    [protocol] => 2
    [ssl_verifyresult] => 0
    [scheme] => HTTPS
    [appconnect_time_us] => 102228
    [connect_time_us] => 25837
    [namelookup_time_us] => 1483
    [pretransfer_time_us] => 102429
    [redirect_time_us] => 0
    [starttransfer_time_us] => 102502
    [total_time_us] => 331881
)

[2023/07/14 01:21:20] => Foundation setup: apply +OK
[2023/07/14 01:21:20] => Execute handler (onInstall): Array
(
    [result] => Array
        (
            [download] => Array
                (
                    [0] => Array
                        (
                            [action] => install
                            [process] => downloadCore
                            [code] => tastyigniter
                            [name] => TastyIgniter
                            [author] => Samuel Adepoyigi
                            [description] => Powerful, yet easy to use, open source online food ordering, table reservation and restaurant management system
                            [icon] => icon-logo icon-ti-text-logo
                            [type] => core
                            [hash] => 6b309c1fffd929198f7769e85d1fd2f267e08aa3
                            [version] => v3.7.2
                            [package] => 
                            [published_at] => 2023-06-19T15:48:37.000000Z
                        )

                    [1] => Array
                        (
                            [action] => install
                            [process] => downloadTheme
                            [code] => tastyigniter-orange
                            [name] => Orange Theme
                            [author] => TastyIgniter Dev Team
                            [description] => Free Modern, Responsive and Clean TastyIgniter Theme based on Bootstrap.
                            [icon] => fa-paint-brush
                            [type] => theme
                            [hash] => 1d5cc97fdb551e152fb9ff016fc73b8a48e8ff47
                            [version] => v3.2.2
                            [package] => tastyigniter/ti-theme-orange
                            [published_at] => 2023-06-19T16:21:01.000000Z
                        )

                )

            [extract] => Array
                (
                    [0] => Array
                        (
                            [action] => install
                            [process] => extractCore
                            [code] => tastyigniter
                            [name] => TastyIgniter
                            [author] => Samuel Adepoyigi
                            [description] => Powerful, yet easy to use, open source online food ordering, table reservation and restaurant management system
                            [icon] => icon-logo icon-ti-text-logo
                            [type] => core
                            [hash] => 6b309c1fffd929198f7769e85d1fd2f267e08aa3
                            [version] => v3.7.2
                            [package] => 
                            [published_at] => 2023-06-19T15:48:37.000000Z
                        )

                    [1] => Array
                        (
                            [action] => install
                            [process] => extractTheme
                            [code] => tastyigniter-orange
                            [name] => Orange Theme
                            [author] => TastyIgniter Dev Team
                            [description] => Free Modern, Responsive and Clean TastyIgniter Theme based on Bootstrap.
                            [icon] => fa-paint-brush
                            [type] => theme
                            [hash] => 1d5cc97fdb551e152fb9ff016fc73b8a48e8ff47
                            [version] => v3.2.2
                            [package] => tastyigniter/ti-theme-orange
                            [published_at] => 2023-06-19T16:21:01.000000Z
                        )

                )

            [config] => Array
                (
                    [0] => Array
                        (
                            [items] => Array
                                (
                                    [0] => Array
                                        (
                                            [code] => tastyigniter
                                            [name] => TastyIgniter
                                            [author] => Samuel Adepoyigi
                                            [description] => Powerful, yet easy to use, open source online food ordering, table reservation and restaurant management system
                                            [icon] => icon-logo icon-ti-text-logo
                                            [type] => core
                                            [hash] => 6b309c1fffd929198f7769e85d1fd2f267e08aa3
                                            [version] => v3.7.2
                                            [package] => 
                                            [published_at] => 2023-06-19T15:48:37.000000Z
                                        )

                                    [1] => Array
                                        (
                                            [code] => tastyigniter-orange
                                            [name] => Orange Theme
                                            [author] => TastyIgniter Dev Team
                                            [description] => Free Modern, Responsive and Clean TastyIgniter Theme based on Bootstrap.
                                            [icon] => fa-paint-brush
                                            [type] => theme
                                            [hash] => 1d5cc97fdb551e152fb9ff016fc73b8a48e8ff47
                                            [version] => v3.2.2
                                            [package] => tastyigniter/ti-theme-orange
                                            [published_at] => 2023-06-19T16:21:01.000000Z
                                        )

                                )

                            [process] => writeConfig
                        )

                )

            [install] => Array
                (
                    [0] => Array
                        (
                            [items] => Array
                                (
                                    [0] => Array
                                        (
                                            [code] => tastyigniter
                                            [name] => TastyIgniter
                                            [author] => Samuel Adepoyigi
                                            [description] => Powerful, yet easy to use, open source online food ordering, table reservation and restaurant management system
                                            [icon] => icon-logo icon-ti-text-logo
                                            [type] => core
                                            [hash] => 6b309c1fffd929198f7769e85d1fd2f267e08aa3
                                            [version] => v3.7.2
                                            [package] => 
                                            [published_at] => 2023-06-19T15:48:37.000000Z
                                        )

                                    [1] => Array
                                        (
                                            [code] => tastyigniter-orange
                                            [name] => Orange Theme
                                            [author] => TastyIgniter Dev Team
                                            [description] => Free Modern, Responsive and Clean TastyIgniter Theme based on Bootstrap.
                                            [icon] => fa-paint-brush
                                            [type] => theme
                                            [hash] => 1d5cc97fdb551e152fb9ff016fc73b8a48e8ff47
                                            [version] => v3.2.2
                                            [package] => tastyigniter/ti-theme-orange
                                            [published_at] => 2023-06-19T16:21:01.000000Z
                                        )

                                )

                            [process] => finishInstall
                        )

                )

        )

)

[2023/07/14 01:21:20] => .============================ POST REQUEST ==========================.
[2023/07/14 01:21:20] => Postback payload: Array
(
    [disableLog] => 1
)

[2023/07/14 01:21:20] => Foundation setup: downloadCore
[2023/07/14 01:21:28] => Downloaded file (tastyigniter) to /Users/harrysingh/projects/mytasty/setup/temp/ef0eaeec4a461084eb2522e05b439f26.zip
[2023/07/14 01:21:28] => Foundation setup: downloadCore +OK
[2023/07/14 01:21:28] => Execute handler (onInstall): Array
(
    [result] => 1
)

[2023/07/14 01:21:28] => .============================ POST REQUEST ==========================.
[2023/07/14 01:21:28] => Postback payload: Array
(
    [disableLog] => 1
)

[2023/07/14 01:21:28] => Foundation setup: downloadTheme
[2023/07/14 01:21:29] => Downloaded file (tastyigniter-orange) to /Users/harrysingh/projects/mytasty/setup/temp/d524ceb31a7e131d7d22e6398a45a960.zip
[2023/07/14 01:21:29] => Foundation setup: downloadTheme +OK
[2023/07/14 01:21:29] => Execute handler (onInstall): Array
(
    [result] => 1
)

[2023/07/14 01:21:30] => .============================ POST REQUEST ==========================.
[2023/07/14 01:21:30] => Postback payload: Array
(
    [disableLog] => 1
)

[2023/07/14 01:21:30] => Foundation setup: extractCore
[2023/07/14 01:21:30] => Extracting [tastyigniter] file ef0eaeec4a461084eb2522e05b439f26.zip
[2023/07/14 01:21:33] => Foundation setup: extractCore +OK
[2023/07/14 01:21:33] => Execute handler (onInstall): Array
(
    [result] => 1
)

[2023/07/14 01:21:33] => .============================ POST REQUEST ==========================.
[2023/07/14 01:21:33] => Postback payload: Array
(
    [disableLog] => 1
)

[2023/07/14 01:21:33] => Foundation setup: extractTheme
[2023/07/14 01:21:33] => Extracting [tastyigniter-orange] file d524ceb31a7e131d7d22e6398a45a960.zip
[2023/07/14 01:21:33] => Foundation setup: extractTheme +OK
[2023/07/14 01:21:33] => Execute handler (onInstall): Array
(
    [result] => 1
)

[2023/07/14 01:21:34] => .============================ POST REQUEST ==========================.
[2023/07/14 01:21:34] => Postback payload: Array
(
    [disableLog] => 1
)

[2023/07/14 01:21:34] => Foundation setup: writeConfig
[2023/07/14 01:21:34] => Foundation setup: writeConfig +OK
[2023/07/14 01:21:34] => Execute handler (onInstall): Array
(
    [result] => 1
)

[2023/07/14 01:21:35] => .============================ POST REQUEST ==========================.
[2023/07/14 01:21:35] => Postback payload: Array
(
    [disableLog] => 1
)

[2023/07/14 01:21:35] => Foundation setup: finishInstall
[2023/07/14 01:21:40] => Foundation setup: finishInstall +OK
[2023/07/14 01:21:40] => Execute handler (onInstall): Array
(
    [result] => http://mytasty.local/admin/login
)

